  [4;36;1mSQL (0.0ms)[0m   [0;1m SELECT name
 FROM sqlite_master
 WHERE type = 'table' AND NOT name = 'sqlite_sequence'
[0m
  [4;35;1mSQL (0.0ms)[0m   [0mselect sqlite_version(*)[0m
  [4;36;1mSQL (79.0ms)[0m   [0;1mCREATE TABLE "schema_migrations" ("version" varchar(255) NOT NULL) [0m
  [4;35;1mSQL (125.0ms)[0m   [0mCREATE UNIQUE INDEX "unique_schema_migrations" ON "schema_migrations" ("version")[0m
  [4;36;1mSQL (0.0ms)[0m   [0;1m SELECT name
 FROM sqlite_master
 WHERE type = 'table' AND NOT name = 'sqlite_sequence'
[0m
  [4;35;1mSQL (0.0ms)[0m   [0mSELECT version FROM schema_migrations[0m
Migrating to CreateCustomers (20100107092923)
  [4;36;1mSQL (0.0ms)[0m   [0;1mCREATE TABLE "customers" ("id" INTEGER PRIMARY KEY AUTOINCREMENT NOT NULL, "ragione_sociale" varchar(255), "nome" varchar(255), "cognome" varchar(255), "p_iva" varchar(255), "cod_fisc" varchar(255), "indirizzo" varchar(255), "comune" varchar(255), "cap" varchar(255), "created_at" datetime, "updated_at" datetime) [0m
  [4;35;1mSQL (0.0ms)[0m   [0mINSERT INTO schema_migrations (version) VALUES ('20100107092923')[0m
Migrating to CreateTipoIvas (20100107093023)
  [4;36;1mSQL (0.0ms)[0m   [0;1mCREATE TABLE "tipo_ivas" ("id" INTEGER PRIMARY KEY AUTOINCREMENT NOT NULL, "aliquota" integer, "descrizione" varchar(255), "created_at" datetime, "updated_at" datetime) [0m
  [4;35;1mSQL (0.0ms)[0m   [0mINSERT INTO schema_migrations (version) VALUES ('20100107093023')[0m
Migrating to CreateInvoices (20100107093245)
  [4;36;1mSQL (0.0ms)[0m   [0;1mCREATE TABLE "invoices" ("id" INTEGER PRIMARY KEY AUTOINCREMENT NOT NULL, "codice" varchar(255), "data_fattura" date, "customer_id" integer, "descrizione" text, "created_at" datetime, "updated_at" datetime) [0m
  [4;35;1mSQL (0.0ms)[0m   [0mINSERT INTO schema_migrations (version) VALUES ('20100107093245')[0m
Migrating to CreateJobs (20100107094020)
  [4;36;1mSQL (0.0ms)[0m   [0;1mCREATE TABLE "jobs" ("id" INTEGER PRIMARY KEY AUTOINCREMENT NOT NULL, "descrizione" text, "qty" integer, "iva_id" integer, "invoice_id" integer, "importo" float, "created_at" datetime, "updated_at" datetime) [0m
  [4;35;1mSQL (0.0ms)[0m   [0mINSERT INTO schema_migrations (version) VALUES ('20100107094020')[0m
  [4;36;1mSQL (0.0ms)[0m   [0;1m SELECT name
 FROM sqlite_master
 WHERE type = 'table' AND NOT name = 'sqlite_sequence'
[0m
  [4;35;1mSQL (0.0ms)[0m   [0mSELECT version FROM schema_migrations[0m
  [4;36;1mSQL (0.0ms)[0m   [0;1m SELECT name
 FROM sqlite_master
 WHERE type = 'table' AND NOT name = 'sqlite_sequence'
[0m
  [4;35;1mSQL (0.0ms)[0m   [0mPRAGMA index_list("customers")[0m
  [4;36;1mSQL (0.0ms)[0m   [0;1mPRAGMA index_list("invoices")[0m
  [4;35;1mSQL (0.0ms)[0m   [0mPRAGMA index_list("jobs")[0m
  [4;36;1mSQL (0.0ms)[0m   [0;1mPRAGMA index_list("tipo_ivas")[0m
